<?xml version="1.0" encoding="utf-8"?><testsuites name="pytest tests"><testsuite name="pytest" errors="0" failures="0" skipped="0" tests="15" time="3.618" timestamp="2026-06-16T14:05:35.108121+00:00" hostname="agent-env-9c6057d1-2678-4e50-9365-76170043a523"><testcase classname="backend.tests.test_guest_checkout.TestSiteSettingsPublic" name="test_get_settings_has_pricing_fields" time="0.275" /><testcase classname="backend.tests.test_guest_checkout.TestAdminSettingsUpdate" name="test_update_pricing_and_persist" time="0.974" /><testcase classname="backend.tests.test_guest_checkout.TestAdminSettingsUpdate" name="test_update_pricing_requires_admin" time="0.107" /><testcase classname="backend.tests.test_guest_checkout.TestGuestCheckout" name="test_guest_can_place_order_without_auth" time="0.257" /><testcase classname="backend.tests.test_guest_checkout.TestGuestCheckout" name="test_guest_order_missing_name_phone_rejected" time="0.103" /><testcase classname="backend.tests.test_guest_checkout.TestPublicTracking" name="test_track_with_correct_phone" time="0.269" /><testcase classname="backend.tests.test_guest_checkout.TestPublicTracking" name="test_track_with_last_6_digits" time="0.255" /><testcase classname="backend.tests.test_guest_checkout.TestPublicTracking" name="test_track_wrong_phone_rejected" time="0.218" /><testcase classname="backend.tests.test_guest_checkout.TestPublicTracking" name="test_track_missing_phone_rejected" time="0.206" /><testcase classname="backend.tests.test_guest_checkout.TestPublicTracking" name="test_track_unknown_order_returns_404" time="0.097" /><testcase classname="backend.tests.test_guest_checkout.TestProtectedStillProtected" name="test_requires_auth[/orders/my]" time="0.105" /><testcase classname="backend.tests.test_guest_checkout.TestProtectedStillProtected" name="test_requires_auth[/auth/me]" time="0.103" /><testcase classname="backend.tests.test_guest_checkout.TestProtectedStillProtected" name="test_requires_auth[/auth/me/wishlist]" time="0.148" /><testcase classname="backend.tests.test_guest_checkout.TestProtectedStillProtected" name="test_requires_auth[/auth/me/addresses]" time="0.118" /><testcase classname="backend.tests.test_guest_checkout.TestProtectedStillProtected" name="test_requires_auth[/notifications]" time="0.135" /></testsuite></testsuites>