<?xml version="1.0" encoding="utf-8"?><testsuites name="pytest tests"><testsuite name="pytest" errors="0" failures="0" skipped="0" tests="3" time="2.580" timestamp="2026-07-02T15:38:38.554117+00:00" hostname="agent-env-9c6057d1-2678-4e50-9365-76170043a523"><testcase classname="backend.tests.test_iteration6" name="test_create_product_with_variants_and_get" time="1.543" /><testcase classname="backend.tests.test_iteration6" name="test_seeded_test_variant_honey_exists" time="0.155" /><testcase classname="backend.tests.test_iteration6" name="test_settings_has_themeid_and_persist" time="0.824" /></testsuite></testsuites>