<?xml version="1.0" encoding="utf-8"?><testsuites name="pytest tests"><testsuite name="pytest" errors="0" failures="0" skipped="0" tests="7" time="2.888" timestamp="2026-07-03T06:43:40.154065+00:00" hostname="agent-env-9c6057d1-2678-4e50-9365-76170043a523"><testcase classname="backend.tests.test_iteration9_notifications" name="test_bengali_notification_on_status_change[confirmed-\u0985\u09b0\u09cd\u09a1\u09be\u09b0 \u0995\u09a8\u09ab\u09be\u09b0\u09cd\u09ae \u09b9\u09af\u09bc\u09c7\u099b\u09c7-\u0995\u09a8\u09ab\u09be\u09b0\u09cd\u09ae \u0995\u09b0\u09be \u09b9\u09af\u09bc\u09c7\u099b\u09c7]" time="1.133" /><testcase classname="backend.tests.test_iteration9_notifications" name="test_bengali_notification_on_status_change[shipped-\u0985\u09b0\u09cd\u09a1\u09be\u09b0 \u09aa\u09be\u09a0\u09be\u09a8\u09cb \u09b9\u09af\u09bc\u09c7\u099b\u09c7-\u09aa\u09a5\u09c7 \u09b0\u09af\u09bc\u09c7\u099b\u09c7]" time="0.294" /><testcase classname="backend.tests.test_iteration9_notifications" name="test_bengali_notification_on_status_change[delivered-\u0985\u09b0\u09cd\u09a1\u09be\u09b0 \u09a1\u09c7\u09b2\u09bf\u09ad\u09be\u09b0 \u09b9\u09af\u09bc\u09c7\u099b\u09c7-\u09b8\u09ab\u09b2\u09ad\u09be\u09ac\u09c7 \u09a1\u09c7\u09b2\u09bf\u09ad\u09be\u09b0 \u09b9\u09af\u09bc\u09c7\u099b\u09c7]" time="0.271" /><testcase classname="backend.tests.test_iteration9_notifications" name="test_bengali_notification_on_status_change[cancelled-\u0985\u09b0\u09cd\u09a1\u09be\u09b0 \u09ac\u09be\u09a4\u09bf\u09b2 \u09b9\u09af\u09bc\u09c7\u099b\u09c7-\u09ac\u09be\u09a4\u09bf\u09b2]" time="0.287" /><testcase classname="backend.tests.test_iteration9_notifications" name="test_unread_count_decreases_on_mark_read" time="0.371" /><testcase classname="backend.tests.test_iteration9_notifications" name="test_mark_all_read" time="0.183" /><testcase classname="backend.tests.test_iteration9_notifications" name="test_guest_order_creates_no_notification" time="0.282" /></testsuite></testsuites>