<?xml version="1.0" encoding="utf-8"?><testsuites name="pytest tests"><testsuite name="pytest" errors="0" failures="0" skipped="0" tests="5" time="0.349" timestamp="2026-07-03T05:33:22.151503+00:00" hostname="agent-env-9c6057d1-2678-4e50-9365-76170043a523"><testcase classname="backend.tests.test_iteration7" name="test_health" time="0.006" /><testcase classname="backend.tests.test_iteration7" name="test_category_create_with_image" time="0.258" /><testcase classname="backend.tests.test_iteration7" name="test_product_with_gallery_and_variants" time="0.009" /><testcase classname="backend.tests.test_iteration7" name="test_site_settings_zones_and_theme" time="0.009" /><testcase classname="backend.tests.test_iteration7" name="test_variant_seed_product_exists" time="0.002" /></testsuite></testsuites>