<?xml version="1.0" encoding="utf-8"?><testsuites name="pytest tests"><testsuite name="pytest" errors="0" failures="0" skipped="0" tests="5" time="2.000" timestamp="2026-07-02T11:57:02.451868+00:00" hostname="agent-env-9c6057d1-2678-4e50-9365-76170043a523"><testcase classname="backend.tests.test_iteration5" name="test_public_site_settings_fields" time="0.250" /><testcase classname="backend.tests.test_iteration5" name="test_admin_update_branding_and_persist" time="0.798" /><testcase classname="backend.tests.test_iteration5" name="test_admin_feature_toggles_persist" time="0.486" /><testcase classname="backend.tests.test_iteration5" name="test_guest_checkout_still_works" time="0.303" /><testcase classname="backend.tests.test_iteration5" name="test_no_emergent_in_index_html" time="0.099" /></testsuite></testsuites>