<?xml version="1.0" encoding="utf-8"?><testsuites name="pytest tests"><testsuite name="pytest" errors="0" failures="1" skipped="0" tests="7" time="69.172" timestamp="2026-07-03T06:05:43.499055+00:00" hostname="agent-env-9c6057d1-2678-4e50-9365-76170043a523"><testcase classname="backend.tests.test_iteration8_security.TestSecurityHeaders" name="test_headers_on_products" time="0.174"><failure message="AssertionError: assert 'no-store, no...st-revalidate' == 'no-store'&#10;  &#10;  - no-store&#10;  + no-store, no-cache, must-revalidate">backend/tests/test_iteration8_security.py:30: in test_headers_on_products
    assert h.get('cache-control') == 'no-store'
E   AssertionError: assert 'no-store, no...st-revalidate' == 'no-store'
E     
E     - no-store
E     + no-store, no-cache, must-revalidate</failure></testcase><testcase classname="backend.tests.test_iteration8_security.TestRateLimits" name="test_login_rate_limit_10_per_min" time="0.028" /><testcase classname="backend.tests.test_iteration8_security.TestRateLimits" name="test_signup_rate_limit_5_per_min" time="1.267" /><testcase classname="backend.tests.test_iteration8_security.TestRateLimits" name="test_forgot_rate_limit_5_per_min" time="1.014" /><testcase classname="backend.tests.test_iteration8_security.TestRateLimits" name="test_track_rate_limit_20_per_min" time="1.039" /><testcase classname="backend.tests.test_iteration8_security.TestRegression" name="test_admin_login" time="65.365" /><testcase classname="backend.tests.test_iteration8_security.TestRegression" name="test_guest_checkout_creates_order" time="0.190" /></testsuite></testsuites>